[2025-11-08 13:43:22] [PIPELINE] === CI/CD Pipeline Run Started ===
[2025-11-08 13:43:22] [GIT] Simulating code commit...
[2025-11-08 13:43:22] [GIT] Code committed successfully.
[2025-11-08 13:43:22] [BUILD] Starting build process...
[2025-11-08 13:43:24] [BUILD] Build completed successfully in 2.0s.
[2025-11-08 13:43:24] [TEST] Running tests...
[2025-11-08 13:43:24] [TEST] All tests passed in 0.16s.
[2025-11-08 13:43:24] [DEPLOY] Starting deployment simulation...
[2025-11-08 13:43:26] [DEPLOY] Application deployed successfully in 2.0s.
[2025-11-08 13:43:26] [SUMMARY] Pipeline completed in 4.25s.
[2025-11-08 13:43:26] [PIPELINE] === CI/CD Pipeline Run Finished ===
[2025-11-08 13:43:28] [PIPELINE] === CI/CD Pipeline Run Started ===
[2025-11-08 13:43:28] [GIT] Simulating code commit...
[2025-11-08 13:43:28] [GIT] Code committed successfully.
[2025-11-08 13:43:28] [BUILD] Starting build process...
[2025-11-08 13:43:30] [BUILD] Build completed successfully in 2.0s.
[2025-11-08 13:43:30] [TEST] Running tests...
[2025-11-08 13:43:30] [TEST] All tests passed in 0.08s.
[2025-11-08 13:43:30] [DEPLOY] Starting deployment simulation...
[2025-11-08 13:43:33] [DEPLOY] Application deployed successfully in 2.01s.
[2025-11-08 13:43:33] [SUMMARY] Pipeline completed in 4.18s.
[2025-11-08 13:43:33] [PIPELINE] === CI/CD Pipeline Run Finished ===
[2025-11-08 13:43:34] [PIPELINE] === CI/CD Pipeline Run Started ===
[2025-11-08 13:43:34] [GIT] Simulating code commit...
[2025-11-08 13:43:34] [GIT] Code committed successfully.
[2025-11-08 13:43:34] [BUILD] Starting build process...
[2025-11-08 13:43:36] [BUILD] Build completed successfully in 2.01s.
[2025-11-08 13:43:36] [TEST] Running tests...
[2025-11-08 13:43:36] [TEST] All tests passed in 0.09s.
[2025-11-08 13:43:36] [DEPLOY] Starting deployment simulation...
[2025-11-08 13:43:38] [DEPLOY] Application deployed successfully in 2.0s.
[2025-11-08 13:43:38] [SUMMARY] Pipeline completed in 4.18s.
[2025-11-08 13:43:38] [PIPELINE] === CI/CD Pipeline Run Finished ===
